<?xml version="1.0" encoding="UTF-8"?>
<testsuite xmlns:xsi="http://www.w3.org/2001/XMLSchema-instance" xsi:noNamespaceSchemaLocation="https://maven.apache.org/surefire/maven-surefire-plugin/xsd/surefire-test-report-3.0.xsd" version="3.0" name="com.parcialpapeleria.app.ParcialPapeleriaApplicationTests" time="6.094" tests="1" errors="0" skipped="0" failures="0">
  <properties>
[...]
</properties>
  <testcase name="contextLoads" classname="com.parcialpapeleria.app.ParcialPapeleriaApplicationTests" time="0.985">
    <system-out><![CDATA[20:41:33.635 [main] INFO org.springframework.test.context.support.AnnotationConfigContextLoaderUtils -- Could not detect default configuration classes for test class [com.parcialpapeleria.app.ParcialPapeleriaApplicationTests]: ParcialPapeleriaApplicationTests does not declare any static, non-private, non-final, nested classes annotated with @Configuration.
20:41:33.744 [main] INFO org.springframework.boot.test.context.SpringBootTestContextBootstrapper -- Found @SpringBootConfiguration com.parcialpapeleria.app.ParcialPapeleriaApplication for test class com.parcialpapeleria.app.ParcialPapeleriaApplicationTests
20:41:33.999 [main] INFO org.springframework.boot.devtools.restart.RestartApplicationListener -- Restart disabled due to context in which it is running

  .   ____          _            __ _ _
 /\\ / ___'_ __ _ _(_)_ __  __ _ \ \ \ \
( ( )\___ | '_ | '_| | '_ \/ _` | \ \ \ \
 \\/  ___)| |_)| | | | | || (_| |  ) ) ) )
  '  |____| .__|_| |_|_| |_\__, | / / / /
 =========|_|==============|___/=/_/_/_/
 :: Spring Boot ::                (v3.1.5)

2023-11-25T20:41:34.305-05:00  INFO 28908 --- [           main] c.p.a.ParcialPapeleriaApplicationTests   : Starting ParcialPapeleriaApplicationTests using Java 17.0.8.1 with PID 28908 (started by Asus in C:\TrabajosSpring\ParcialPapeleria)
2023-11-25T20:41:34.306-05:00  INFO 28908 --- [           main] c.p.a.ParcialPapeleriaApplicationTests   : No active profile set, falling back to 1 default profile: "default"
2023-11-25T20:41:35.128-05:00  INFO 28908 --- [           main] .s.d.r.c.RepositoryConfigurationDelegate : Bootstrapping Spring Data MongoDB repositories in DEFAULT mode.
2023-11-25T20:41:35.214-05:00  INFO 28908 --- [           main] .s.d.r.c.RepositoryConfigurationDelegate : Finished Spring Data repository scanning in 76 ms. Found 5 MongoDB repository interfaces.
2023-11-25T20:41:35.858-05:00  INFO 28908 --- [           main] org.mongodb.driver.client                : MongoClient with metadata {"driver": {"name": "mongo-java-driver|sync|spring-boot", "version": "4.9.1"}, "os": {"type": "Windows", "name": "Windows 11", "architecture": "amd64", "version": "10.0"}, "platform": "Java/Eclipse Adoptium/17.0.8.1+1"} created with settings MongoClientSettings{readPreference=primary, writeConcern=WriteConcern{w=null, wTimeout=null ms, journal=null}, retryWrites=true, retryReads=true, readConcern=ReadConcern{level=null}, credential=MongoCredential{mechanism=null, userName='oscar', source='admin', password=<hidden>, mechanismProperties=<hidden>}, streamFactoryFactory=null, commandListeners=[], codecRegistry=ProvidersCodecRegistry{codecProviders=[ValueCodecProvider{}, BsonValueCodecProvider{}, DBRefCodecProvider{}, DBObjectCodecProvider{}, DocumentCodecProvider{}, CollectionCodecProvider{}, IterableCodecProvider{}, MapCodecProvider{}, GeoJsonCodecProvider{}, GridFSFileCodecProvider{}, Jsr310CodecProvider{}, JsonObjectCodecProvider{}, BsonCodecProvider{}, EnumCodecProvider{}, com.mongodb.client.model.mql.ExpressionCodecProvider@77d381e6, com.mongodb.Jep395RecordCodecProvider@2272cbb0]}, loggerSettings=LoggerSettings{maxDocumentLength=1000}, clusterSettings={hosts=[127.0.0.1:27017], srvHost=clusteroscarp.lruvf6b.mongodb.net, srvServiceName=mongodb, mode=MULTIPLE, requiredClusterType=REPLICA_SET, requiredReplicaSetName='atlas-w60tdf-shard-0', serverSelector='null', clusterListeners='[]', serverSelectionTimeout='30000 ms', localThreshold='30000 ms'}, socketSettings=SocketSettings{connectTimeoutMS=10000, readTimeoutMS=0, receiveBufferSize=0, sendBufferSize=0}, heartbeatSocketSettings=SocketSettings{connectTimeoutMS=10000, readTimeoutMS=10000, receiveBufferSize=0, sendBufferSize=0}, connectionPoolSettings=ConnectionPoolSettings{maxSize=100, minSize=0, maxWaitTimeMS=120000, maxConnectionLifeTimeMS=0, maxConnectionIdleTimeMS=0, maintenanceInitialDelayMS=0, maintenanceFrequencyMS=60000, connectionPoolListeners=[], maxConnecting=2}, serverSettings=ServerSettings{heartbeatFrequencyMS=10000, minHeartbeatFrequencyMS=500, serverListeners='[]', serverMonitorListeners='[]'}, sslSettings=SslSettings{enabled=true, invalidHostNameAllowed=false, context=null}, applicationName='null', compressorList=[], uuidRepresentation=JAVA_LEGACY, serverApi=null, autoEncryptionSettings=null, contextProvider=null}
2023-11-25T20:41:35.909-05:00  INFO 28908 --- [f6b.mongodb.net] org.mongodb.driver.cluster               : Adding discovered server ac-2ifkqma-shard-00-02.lruvf6b.mongodb.net:27017 to client view of cluster
2023-11-25T20:41:35.935-05:00  INFO 28908 --- [f6b.mongodb.net] org.mongodb.driver.cluster               : Adding discovered server ac-2ifkqma-shard-00-01.lruvf6b.mongodb.net:27017 to client view of cluster
2023-11-25T20:41:35.936-05:00  INFO 28908 --- [f6b.mongodb.net] org.mongodb.driver.cluster               : Adding discovered server ac-2ifkqma-shard-00-00.lruvf6b.mongodb.net:27017 to client view of cluster
2023-11-25T20:41:37.422-05:00  INFO 28908 --- [ngodb.net:27017] org.mongodb.driver.cluster               : Monitor thread successfully connected to server with description ServerDescription{address=ac-2ifkqma-shard-00-02.lruvf6b.mongodb.net:27017, type=REPLICA_SET_PRIMARY, state=CONNECTED, ok=true, minWireVersion=0, maxWireVersion=17, maxDocumentSize=16777216, logicalSessionTimeoutMinutes=30, roundTripTimeNanos=867735200, setName='atlas-w60tdf-shard-0', canonicalAddress=ac-2ifkqma-shard-00-02.lruvf6b.mongodb.net:27017, hosts=[ac-2ifkqma-shard-00-02.lruvf6b.mongodb.net:27017, ac-2ifkqma-shard-00-00.lruvf6b.mongodb.net:27017, ac-2ifkqma-shard-00-01.lruvf6b.mongodb.net:27017], passives=[], arbiters=[], primary='ac-2ifkqma-shard-00-02.lruvf6b.mongodb.net:27017', tagSet=TagSet{[Tag{name='availabilityZone', value='sae1-az2'}, Tag{name='nodeType', value='ELECTABLE'}, Tag{name='provider', value='AWS'}, Tag{name='region', value='SA_EAST_1'}, Tag{name='workloadType', value='OPERATIONAL'}]}, electionId=7fffffff000000000000004e, setVersion=3, topologyVersion=TopologyVersion{processId=655e45d1b425b51bacc1b7eb, counter=6}, lastWriteDate=Sat Nov 25 20:41:36 COT 2023, lastUpdateTimeNanos=879962840022900}
2023-11-25T20:41:37.422-05:00  INFO 28908 --- [ngodb.net:27017] org.mongodb.driver.cluster               : Monitor thread successfully connected to server with description ServerDescription{address=ac-2ifkqma-shard-00-01.lruvf6b.mongodb.net:27017, type=REPLICA_SET_SECONDARY, state=CONNECTED, ok=true, minWireVersion=0, maxWireVersion=17, maxDocumentSize=16777216, logicalSessionTimeoutMinutes=30, roundTripTimeNanos=864067800, setName='atlas-w60tdf-shard-0', canonicalAddress=ac-2ifkqma-shard-00-01.lruvf6b.mongodb.net:27017, hosts=[ac-2ifkqma-shard-00-02.lruvf6b.mongodb.net:27017, ac-2ifkqma-shard-00-00.lruvf6b.mongodb.net:27017, ac-2ifkqma-shard-00-01.lruvf6b.mongodb.net:27017], passives=[], arbiters=[], primary='ac-2ifkqma-shard-00-02.lruvf6b.mongodb.net:27017', tagSet=TagSet{[Tag{name='availabilityZone', value='sae1-az3'}, Tag{name='nodeType', value='ELECTABLE'}, Tag{name='provider', value='AWS'}, Tag{name='region', value='SA_EAST_1'}, Tag{name='workloadType', value='OPERATIONAL'}]}, electionId=null, setVersion=3, topologyVersion=TopologyVersion{processId=655e47931a2743417c938722, counter=3}, lastWriteDate=Sat Nov 25 20:41:36 COT 2023, lastUpdateTimeNanos=879962840022900}
2023-11-25T20:41:37.422-05:00  INFO 28908 --- [ngodb.net:27017] org.mongodb.driver.cluster               : Monitor thread successfully connected to server with description ServerDescription{address=ac-2ifkqma-shard-00-00.lruvf6b.mongodb.net:27017, type=REPLICA_SET_SECONDARY, state=CONNECTED, ok=true, minWireVersion=0, maxWireVersion=17, maxDocumentSize=16777216, logicalSessionTimeoutMinutes=30, roundTripTimeNanos=892399600, setName='atlas-w60tdf-shard-0', canonicalAddress=ac-2ifkqma-shard-00-00.lruvf6b.mongodb.net:27017, hosts=[ac-2ifkqma-shard-00-02.lruvf6b.mongodb.net:27017, ac-2ifkqma-shard-00-00.lruvf6b.mongodb.net:27017, ac-2ifkqma-shard-00-01.lruvf6b.mongodb.net:27017], passives=[], arbiters=[], primary='ac-2ifkqma-shard-00-02.lruvf6b.mongodb.net:27017', tagSet=TagSet{[Tag{name='availabilityZone', value='sae1-az1'}, Tag{name='nodeType', value='ELECTABLE'}, Tag{name='provider', value='AWS'}, Tag{name='region', value='SA_EAST_1'}, Tag{name='workloadType', value='OPERATIONAL'}]}, electionId=null, setVersion=3, topologyVersion=TopologyVersion{processId=655e441739a782fa28e212b7, counter=4}, lastWriteDate=Sat Nov 25 20:41:36 COT 2023, lastUpdateTimeNanos=879962840023000}
2023-11-25T20:41:37.436-05:00  INFO 28908 --- [ngodb.net:27017] org.mongodb.driver.cluster               : Discovered replica set primary ac-2ifkqma-shard-00-02.lruvf6b.mongodb.net:27017 with max election id 7fffffff000000000000004e and max set version 3
2023-11-25T20:41:38.493-05:00  INFO 28908 --- [           main] c.p.a.ParcialPapeleriaApplicationTests   : Started ParcialPapeleriaApplicationTests in 4.516 seconds (process running for 5.677)
]]></system-out>
  </testcase>
</testsuite>